TN:
SF:src\game.jsx
FN:4,(anonymous_0)
FN:11,(anonymous_1)
FN:17,(anonymous_2)
FN:28,(anonymous_3)
FN:29,(anonymous_4)
FN:32,(anonymous_5)
FNF:6
FNH:6
FNDA:23,(anonymous_0)
FNDA:11,(anonymous_1)
FNDA:21,(anonymous_2)
FNDA:136,(anonymous_3)
FNDA:21,(anonymous_4)
FNDA:34,(anonymous_5)
DA:5,23
DA:6,23
DA:12,11
DA:13,2
DA:17,23
DA:18,21
DA:19,9
DA:20,9
DA:24,12
DA:29,136
DA:33,34
DA:34,34
LF:12
LH:12
BRDA:12,0,0,2
BRDA:12,0,1,9
BRDA:18,1,0,9
BRDA:18,1,1,12
BRF:4
BRH:4
end_of_record
TN:
SF:src\index.jsx
FN:6,(anonymous_0)
FN:18,(anonymous_1)
FN:49,(anonymous_2)
FN:59,(anonymous_3)
FN:65,(anonymous_4)
FN:66,(anonymous_5)
FN:67,(anonymous_6)
FNF:7
FNH:0
FNDA:0,(anonymous_0)
FNDA:0,(anonymous_1)
FNDA:0,(anonymous_2)
FNDA:0,(anonymous_3)
FNDA:0,(anonymous_4)
FNDA:0,(anonymous_5)
FNDA:0,(anonymous_6)
DA:7,0
DA:8,0
DA:18,0
DA:19,0
DA:21,0
DA:22,0
DA:25,0
DA:26,0
DA:27,0
DA:29,0
DA:30,0
DA:31,0
DA:34,0
DA:40,0
DA:41,0
DA:49,0
DA:50,0
DA:60,0
DA:61,0
DA:65,0
DA:66,0
DA:67,0
DA:78,0
LF:23
LH:0
BRDA:21,0,0,0
BRDA:21,0,1,0
BRDA:25,1,0,0
BRDA:25,1,1,0
BRDA:30,2,0,0
BRDA:30,2,1,0
BRDA:40,3,0,0
BRDA:40,3,1,0
BRDA:69,4,0,0
BRDA:69,4,1,0
BRDA:70,5,0,0
BRDA:70,5,1,0
BRF:12
BRH:0
end_of_record
TN:
SF:src\match.jsx
FN:6,(anonymous_0)
FN:13,(anonymous_1)
FN:19,(anonymous_2)
FN:30,(anonymous_3)
FN:31,(anonymous_4)
FN:34,(anonymous_5)
FNF:6
FNH:6
FNDA:23,(anonymous_0)
FNDA:5,(anonymous_1)
FNDA:21,(anonymous_2)
FNDA:112,(anonymous_3)
FNDA:21,(anonymous_4)
FNDA:28,(anonymous_5)
DA:7,23
DA:8,23
DA:14,5
DA:15,0
DA:19,23
DA:20,21
DA:21,5
DA:22,5
DA:26,16
DA:31,112
DA:35,28
DA:36,28
LF:12
LH:11
BRDA:14,0,0,0
BRDA:14,0,1,5
BRDA:20,1,0,5
BRDA:20,1,1,16
BRF:4
BRH:3
end_of_record
TN:
SF:src\quizzes.js
FN:54,(anonymous_0)
FN:73,(anonymous_1)
FNF:2
FNH:2
FNDA:1066,(anonymous_0)
FNDA:2063,(anonymous_1)
DA:1,3
DA:54,3
DA:55,1066
DA:56,2
DA:58,1064
DA:59,1
DA:62,1063
DA:64,1063
DA:65,1063
DA:66,2310
DA:67,2310
DA:68,247
DA:70,2063
DA:71,2063
DA:73,2063
LF:15
LH:15
BRDA:55,0,0,2
BRDA:55,0,1,1064
BRDA:58,1,0,1
BRDA:58,1,1,1063
BRDA:67,2,0,247
BRDA:67,2,1,2063
BRF:6
BRH:6
end_of_record
