<?xml version="1.0" encoding="UTF-8"?>
<coverage generated="1617228048797" clover="3.2.0">
  <project timestamp="1617228048797" name="All files">
    <metrics statements="62" coveredstatements="38" conditionals="26" coveredconditionals="13" methods="21" coveredmethods="14" elements="109" coveredelements="65" complexity="0" loc="62" ncloc="62" packages="1" files="4" classes="4"/>
    <file name="game.jsx" path="C:\Users\OEM\Desktop\web programlama\BS436\Odev\Cozumler\Odev_03\src\game.jsx">
      <metrics statements="12" coveredstatements="12" conditionals="4" coveredconditionals="4" methods="6" coveredmethods="6"/>
      <line num="5" count="23" type="stmt"/>
      <line num="6" count="23" type="stmt"/>
      <line num="12" count="11" type="cond" truecount="2" falsecount="0"/>
      <line num="13" count="2" type="stmt"/>
      <line num="17" count="23" type="stmt"/>
      <line num="18" count="21" type="cond" truecount="2" falsecount="0"/>
      <line num="19" count="9" type="stmt"/>
      <line num="20" count="9" type="stmt"/>
      <line num="24" count="12" type="stmt"/>
      <line num="29" count="136" type="stmt"/>
      <line num="33" count="34" type="stmt"/>
      <line num="34" count="34" type="stmt"/>
    </file>
    <file name="index.jsx" path="C:\Users\OEM\Desktop\web programlama\BS436\Odev\Cozumler\Odev_03\src\index.jsx">
      <metrics statements="23" coveredstatements="0" conditionals="12" coveredconditionals="0" methods="7" coveredmethods="0"/>
      <line num="7" count="0" type="stmt"/>
      <line num="8" count="0" type="stmt"/>
      <line num="18" count="0" type="stmt"/>
      <line num="19" count="0" type="stmt"/>
      <line num="21" count="0" type="cond" truecount="0" falsecount="2"/>
      <line num="22" count="0" type="stmt"/>
      <line num="25" count="0" type="cond" truecount="0" falsecount="2"/>
      <line num="26" count="0" type="stmt"/>
      <line num="27" count="0" type="stmt"/>
      <line num="29" count="0" type="stmt"/>
      <line num="30" count="0" type="cond" truecount="0" falsecount="2"/>
      <line num="31" count="0" type="stmt"/>
      <line num="34" count="0" type="stmt"/>
      <line num="40" count="0" type="cond" truecount="0" falsecount="2"/>
      <line num="41" count="0" type="stmt"/>
      <line num="49" count="0" type="stmt"/>
      <line num="50" count="0" type="stmt"/>
      <line num="60" count="0" type="stmt"/>
      <line num="61" count="0" type="stmt"/>
      <line num="65" count="0" type="stmt"/>
      <line num="66" count="0" type="stmt"/>
      <line num="67" count="0" type="stmt"/>
      <line num="78" count="0" type="stmt"/>
    </file>
    <file name="match.jsx" path="C:\Users\OEM\Desktop\web programlama\BS436\Odev\Cozumler\Odev_03\src\match.jsx">
      <metrics statements="12" coveredstatements="11" conditionals="4" coveredconditionals="3" methods="6" coveredmethods="6"/>
      <line num="7" count="23" type="stmt"/>
      <line num="8" count="23" type="stmt"/>
      <line num="14" count="5" type="cond" truecount="1" falsecount="1"/>
      <line num="15" count="0" type="stmt"/>
      <line num="19" count="23" type="stmt"/>
      <line num="20" count="21" type="cond" truecount="2" falsecount="0"/>
      <line num="21" count="5" type="stmt"/>
      <line num="22" count="5" type="stmt"/>
      <line num="26" count="16" type="stmt"/>
      <line num="31" count="112" type="stmt"/>
      <line num="35" count="28" type="stmt"/>
      <line num="36" count="28" type="stmt"/>
    </file>
    <file name="quizzes.js" path="C:\Users\OEM\Desktop\web programlama\BS436\Odev\Cozumler\Odev_03\src\quizzes.js">
      <metrics statements="15" coveredstatements="15" conditionals="6" coveredconditionals="6" methods="2" coveredmethods="2"/>
      <line num="1" count="3" type="stmt"/>
      <line num="54" count="3" type="stmt"/>
      <line num="55" count="1066" type="cond" truecount="2" falsecount="0"/>
      <line num="56" count="2" type="stmt"/>
      <line num="58" count="1064" type="cond" truecount="2" falsecount="0"/>
      <line num="59" count="1" type="stmt"/>
      <line num="62" count="1063" type="stmt"/>
      <line num="64" count="1063" type="stmt"/>
      <line num="65" count="1063" type="stmt"/>
      <line num="66" count="2310" type="stmt"/>
      <line num="67" count="2310" type="cond" truecount="2" falsecount="0"/>
      <line num="68" count="247" type="stmt"/>
      <line num="70" count="2063" type="stmt"/>
      <line num="71" count="2063" type="stmt"/>
      <line num="73" count="2063" type="stmt"/>
    </file>
  </project>
</coverage>
