{"C:\\Users\\OEM\\Desktop\\web programlama\\BS436\\Odev\\Cozumler\\Odev_03\\src\\game.jsx": {"path":"C:\\Users\\OEM\\Desktop\\web programlama\\BS436\\Odev\\Cozumler\\Odev_03\\src\\game.jsx","statementMap":{"0":{"start":{"line":5,"column":8},"end":{"line":5,"column":21}},"1":{"start":{"line":6,"column":8},"end":{"line":8,"column":9}},"2":{"start":{"line":12,"column":8},"end":{"line":14,"column":9}},"3":{"start":{"line":13,"column":12},"end":{"line":13,"column":58}},"4":{"start":{"line":17,"column":18},"end":{"line":27,"column":5}},"5":{"start":{"line":18,"column":8},"end":{"line":25,"column":9}},"6":{"start":{"line":19,"column":12},"end":{"line":19,"column":27}},"7":{"start":{"line":20,"column":12},"end":{"line":22,"column":15}},"8":{"start":{"line":24,"column":12},"end":{"line":24,"column":28}},"9":{"start":{"line":29,"column":8},"end":{"line":29,"column":100}},"10":{"start":{"line":29,"column":52},"end":{"line":29,"column":77}},"11":{"start":{"line":33,"column":21},"end":{"line":33,"column":36}},"12":{"start":{"line":34,"column":8},"end":{"line":41,"column":16}}},"fnMap":{"0":{"name":"(anonymous_0)","decl":{"start":{"line":4,"column":4},"end":{"line":4,"column":5}},"loc":{"start":{"line":4,"column":23},"end":{"line":9,"column":5}},"line":4},"1":{"name":"(anonymous_1)","decl":{"start":{"line":11,"column":4},"end":{"line":11,"column":5}},"loc":{"start":{"line":11,"column":55},"end":{"line":15,"column":5}},"line":11},"2":{"name":"(anonymous_2)","decl":{"start":{"line":17,"column":18},"end":{"line":17,"column":19}},"loc":{"start":{"line":17,"column":31},"end":{"line":27,"column":5}},"line":17},"3":{"name":"(anonymous_3)","decl":{"start":{"line":28,"column":4},"end":{"line":28,"column":5}},"loc":{"start":{"line":28,"column":43},"end":{"line":31,"column":5}},"line":28},"4":{"name":"(anonymous_4)","decl":{"start":{"line":29,"column":48},"end":{"line":29,"column":49}},"loc":{"start":{"line":29,"column":52},"end":{"line":29,"column":77}},"line":29},"5":{"name":"(anonymous_5)","decl":{"start":{"line":32,"column":4},"end":{"line":32,"column":5}},"loc":{"start":{"line":32,"column":13},"end":{"line":42,"column":5}},"line":32}},"branchMap":{"0":{"loc":{"start":{"line":12,"column":8},"end":{"line":14,"column":9}},"type":"if","locations":[{"start":{"line":12,"column":8},"end":{"line":14,"column":9}},{"start":{"line":12,"column":8},"end":{"line":14,"column":9}}],"line":12},"1":{"loc":{"start":{"line":18,"column":8},"end":{"line":25,"column":9}},"type":"if","locations":[{"start":{"line":18,"column":8},"end":{"line":25,"column":9}},{"start":{"line":18,"column":8},"end":{"line":25,"column":9}}],"line":18}},"s":{"0":23,"1":23,"2":11,"3":2,"4":23,"5":21,"6":9,"7":9,"8":12,"9":136,"10":21,"11":34,"12":34},"f":{"0":23,"1":11,"2":21,"3":136,"4":21,"5":34},"b":{"0":[2,9],"1":[9,12]},"_coverageSchema":"1a1c01bbd47fc00a2c39e90264f33305004495a9","hash":"c1d061014c1bc960285a57b59ea147106f547d20"}
,"C:\\Users\\OEM\\Desktop\\web programlama\\BS436\\Odev\\Cozumler\\Odev_03\\src\\index.jsx": {"path":"C:\\Users\\OEM\\Desktop\\web programlama\\BS436\\Odev\\Cozumler\\Odev_03\\src\\index.jsx","statementMap":{"0":{"start":{"line":7,"column":8},"end":{"line":7,"column":21}},"1":{"start":{"line":8,"column":8},"end":{"line":14,"column":9}},"2":{"start":{"line":18,"column":14},"end":{"line":47,"column":5}},"3":{"start":{"line":19,"column":61},"end":{"line":19,"column":71}},"4":{"start":{"line":21,"column":8},"end":{"line":46,"column":9}},"5":{"start":{"line":22,"column":25},"end":{"line":22,"column":34}},"6":{"start":{"line":25,"column":8},"end":{"line":33,"column":9}},"7":{"start":{"line":26,"column":12},"end":{"line":26,"column":45}},"8":{"start":{"line":27,"column":12},"end":{"line":27,"column":35}},"9":{"start":{"line":29,"column":12},"end":{"line":29,"column":46}},"10":{"start":{"line":30,"column":12},"end":{"line":32,"column":13}},"11":{"start":{"line":31,"column":16},"end":{"line":31,"column":40}},"12":{"start":{"line":34,"column":8},"end":{"line":38,"column":11}},"13":{"start":{"line":40,"column":8},"end":{"line":44,"column":9}},"14":{"start":{"line":41,"column":12},"end":{"line":43,"column":14}},"15":{"start":{"line":49,"column":15},"end":{"line":57,"column":5}},"16":{"start":{"line":50,"column":8},"end":{"line":56,"column":10}},"17":{"start":{"line":60,"column":32},"end":{"line":60,"column":42}},"18":{"start":{"line":61,"column":8},"end":{"line":75,"column":10}},"19":{"start":{"line":65,"column":54},"end":{"line":65,"column":69}},"20":{"start":{"line":66,"column":54},"end":{"line":66,"column":69}},"21":{"start":{"line":67,"column":54},"end":{"line":67,"column":69}},"22":{"start":{"line":78,"column":0},"end":{"line":78,"column":58}}},"fnMap":{"0":{"name":"(anonymous_0)","decl":{"start":{"line":6,"column":4},"end":{"line":6,"column":5}},"loc":{"start":{"line":6,"column":23},"end":{"line":15,"column":5}},"line":6},"1":{"name":"(anonymous_1)","decl":{"start":{"line":18,"column":14},"end":{"line":18,"column":15}},"loc":{"start":{"line":18,"column":25},"end":{"line":47,"column":5}},"line":18},"2":{"name":"(anonymous_2)","decl":{"start":{"line":49,"column":15},"end":{"line":49,"column":16}},"loc":{"start":{"line":49,"column":21},"end":{"line":57,"column":5}},"line":49},"3":{"name":"(anonymous_3)","decl":{"start":{"line":59,"column":4},"end":{"line":59,"column":5}},"loc":{"start":{"line":59,"column":12},"end":{"line":76,"column":5}},"line":59},"4":{"name":"(anonymous_4)","decl":{"start":{"line":65,"column":49},"end":{"line":65,"column":50}},"loc":{"start":{"line":65,"column":53},"end":{"line":65,"column":70}},"line":65},"5":{"name":"(anonymous_5)","decl":{"start":{"line":66,"column":49},"end":{"line":66,"column":50}},"loc":{"start":{"line":66,"column":53},"end":{"line":66,"column":70}},"line":66},"6":{"name":"(anonymous_6)","decl":{"start":{"line":67,"column":49},"end":{"line":67,"column":50}},"loc":{"start":{"line":67,"column":53},"end":{"line":67,"column":70}},"line":67}},"branchMap":{"0":{"loc":{"start":{"line":21,"column":8},"end":{"line":46,"column":9}},"type":"if","locations":[{"start":{"line":21,"column":8},"end":{"line":46,"column":9}},{"start":{"line":21,"column":8},"end":{"line":46,"column":9}}],"line":21},"1":{"loc":{"start":{"line":25,"column":8},"end":{"line":33,"column":9}},"type":"if","locations":[{"start":{"line":25,"column":8},"end":{"line":33,"column":9}},{"start":{"line":25,"column":8},"end":{"line":33,"column":9}}],"line":25},"2":{"loc":{"start":{"line":30,"column":12},"end":{"line":32,"column":13}},"type":"if","locations":[{"start":{"line":30,"column":12},"end":{"line":32,"column":13}},{"start":{"line":30,"column":12},"end":{"line":32,"column":13}}],"line":30},"3":{"loc":{"start":{"line":40,"column":8},"end":{"line":44,"column":9}},"type":"if","locations":[{"start":{"line":40,"column":8},"end":{"line":44,"column":9}},{"start":{"line":40,"column":8},"end":{"line":44,"column":9}}],"line":40},"4":{"loc":{"start":{"line":69,"column":12},"end":{"line":69,"column":79}},"type":"cond-expr","locations":[{"start":{"line":69,"column":18},"end":{"line":69,"column":23}},{"start":{"line":69,"column":24},"end":{"line":69,"column":79}}],"line":69},"5":{"loc":{"start":{"line":70,"column":9},"end":{"line":72,"column":12}},"type":"binary-expr","locations":[{"start":{"line":70,"column":9},"end":{"line":70,"column":14}},{"start":{"line":70,"column":18},"end":{"line":72,"column":12}}],"line":70}},"s":{"0":0,"1":0,"2":0,"3":0,"4":0,"5":0,"6":0,"7":0,"8":0,"9":0,"10":0,"11":0,"12":0,"13":0,"14":0,"15":0,"16":0,"17":0,"18":0,"19":0,"20":0,"21":0,"22":0},"f":{"0":0,"1":0,"2":0,"3":0,"4":0,"5":0,"6":0},"b":{"0":[0,0],"1":[0,0],"2":[0,0],"3":[0,0],"4":[0,0],"5":[0,0]}}
,"C:\\Users\\OEM\\Desktop\\web programlama\\BS436\\Odev\\Cozumler\\Odev_03\\src\\match.jsx": {"path":"C:\\Users\\OEM\\Desktop\\web programlama\\BS436\\Odev\\Cozumler\\Odev_03\\src\\match.jsx","statementMap":{"0":{"start":{"line":7,"column":8},"end":{"line":7,"column":21}},"1":{"start":{"line":8,"column":8},"end":{"line":10,"column":9}},"2":{"start":{"line":14,"column":8},"end":{"line":16,"column":9}},"3":{"start":{"line":15,"column":12},"end":{"line":15,"column":58}},"4":{"start":{"line":19,"column":18},"end":{"line":29,"column":5}},"5":{"start":{"line":20,"column":8},"end":{"line":27,"column":9}},"6":{"start":{"line":21,"column":12},"end":{"line":21,"column":27}},"7":{"start":{"line":22,"column":12},"end":{"line":24,"column":15}},"8":{"start":{"line":26,"column":12},"end":{"line":26,"column":28}},"9":{"start":{"line":31,"column":8},"end":{"line":31,"column":100}},"10":{"start":{"line":31,"column":52},"end":{"line":31,"column":77}},"11":{"start":{"line":35,"column":21},"end":{"line":35,"column":36}},"12":{"start":{"line":36,"column":8},"end":{"line":43,"column":16}}},"fnMap":{"0":{"name":"(anonymous_0)","decl":{"start":{"line":6,"column":4},"end":{"line":6,"column":5}},"loc":{"start":{"line":6,"column":23},"end":{"line":11,"column":5}},"line":6},"1":{"name":"(anonymous_1)","decl":{"start":{"line":13,"column":4},"end":{"line":13,"column":5}},"loc":{"start":{"line":13,"column":55},"end":{"line":17,"column":5}},"line":13},"2":{"name":"(anonymous_2)","decl":{"start":{"line":19,"column":18},"end":{"line":19,"column":19}},"loc":{"start":{"line":19,"column":31},"end":{"line":29,"column":5}},"line":19},"3":{"name":"(anonymous_3)","decl":{"start":{"line":30,"column":4},"end":{"line":30,"column":5}},"loc":{"start":{"line":30,"column":43},"end":{"line":33,"column":5}},"line":30},"4":{"name":"(anonymous_4)","decl":{"start":{"line":31,"column":48},"end":{"line":31,"column":49}},"loc":{"start":{"line":31,"column":52},"end":{"line":31,"column":77}},"line":31},"5":{"name":"(anonymous_5)","decl":{"start":{"line":34,"column":4},"end":{"line":34,"column":5}},"loc":{"start":{"line":34,"column":13},"end":{"line":44,"column":5}},"line":34}},"branchMap":{"0":{"loc":{"start":{"line":14,"column":8},"end":{"line":16,"column":9}},"type":"if","locations":[{"start":{"line":14,"column":8},"end":{"line":16,"column":9}},{"start":{"line":14,"column":8},"end":{"line":16,"column":9}}],"line":14},"1":{"loc":{"start":{"line":20,"column":8},"end":{"line":27,"column":9}},"type":"if","locations":[{"start":{"line":20,"column":8},"end":{"line":27,"column":9}},{"start":{"line":20,"column":8},"end":{"line":27,"column":9}}],"line":20}},"s":{"0":23,"1":23,"2":5,"3":0,"4":23,"5":21,"6":5,"7":5,"8":16,"9":112,"10":21,"11":28,"12":28},"f":{"0":23,"1":5,"2":21,"3":112,"4":21,"5":28},"b":{"0":[0,5],"1":[5,16]},"_coverageSchema":"1a1c01bbd47fc00a2c39e90264f33305004495a9","hash":"9308926e199c2504e598eb38bd7bc5301da2ad23"}
,"C:\\Users\\OEM\\Desktop\\web programlama\\BS436\\Odev\\Cozumler\\Odev_03\\src\\quizzes.js": {"path":"C:\\Users\\OEM\\Desktop\\web programlama\\BS436\\Odev\\Cozumler\\Odev_03\\src\\quizzes.js","statementMap":{"0":{"start":{"line":1,"column":16},"end":{"line":52,"column":1}},"1":{"start":{"line":54,"column":32},"end":{"line":75,"column":1}},"2":{"start":{"line":55,"column":4},"end":{"line":57,"column":5}},"3":{"start":{"line":56,"column":8},"end":{"line":56,"column":55}},"4":{"start":{"line":58,"column":4},"end":{"line":60,"column":5}},"5":{"start":{"line":59,"column":8},"end":{"line":59,"column":32}},"6":{"start":{"line":62,"column":22},"end":{"line":62,"column":44}},"7":{"start":{"line":64,"column":12},"end":{"line":64,"column":13}},"8":{"start":{"line":65,"column":4},"end":{"line":72,"column":5}},"9":{"start":{"line":66,"column":18},"end":{"line":66,"column":58}},"10":{"start":{"line":67,"column":8},"end":{"line":69,"column":9}},"11":{"start":{"line":68,"column":12},"end":{"line":68,"column":21}},"12":{"start":{"line":70,"column":8},"end":{"line":70,"column":25}},"13":{"start":{"line":71,"column":8},"end":{"line":71,"column":12}},"14":{"start":{"line":73,"column":4},"end":{"line":73,"column":54}},"15":{"start":{"line":73,"column":42},"end":{"line":73,"column":52}}},"fnMap":{"0":{"name":"(anonymous_0)","decl":{"start":{"line":54,"column":32},"end":{"line":54,"column":33}},"loc":{"start":{"line":54,"column":53},"end":{"line":75,"column":1}},"line":54},"1":{"name":"(anonymous_1)","decl":{"start":{"line":73,"column":37},"end":{"line":73,"column":38}},"loc":{"start":{"line":73,"column":42},"end":{"line":73,"column":52}},"line":73}},"branchMap":{"0":{"loc":{"start":{"line":55,"column":4},"end":{"line":57,"column":5}},"type":"if","locations":[{"start":{"line":55,"column":4},"end":{"line":57,"column":5}},{"start":{"line":55,"column":4},"end":{"line":57,"column":5}}],"line":55},"1":{"loc":{"start":{"line":58,"column":4},"end":{"line":60,"column":5}},"type":"if","locations":[{"start":{"line":58,"column":4},"end":{"line":60,"column":5}},{"start":{"line":58,"column":4},"end":{"line":60,"column":5}}],"line":58},"2":{"loc":{"start":{"line":67,"column":8},"end":{"line":69,"column":9}},"type":"if","locations":[{"start":{"line":67,"column":8},"end":{"line":69,"column":9}},{"start":{"line":67,"column":8},"end":{"line":69,"column":9}}],"line":67}},"s":{"0":3,"1":3,"2":1066,"3":2,"4":1064,"5":1,"6":1063,"7":1063,"8":1063,"9":2310,"10":2310,"11":247,"12":2063,"13":2063,"14":1063,"15":2063},"f":{"0":1066,"1":2063},"b":{"0":[2,1064],"1":[1,1063],"2":[247,2063]},"_coverageSchema":"1a1c01bbd47fc00a2c39e90264f33305004495a9","hash":"121e32addad17de4cd0dd2d1206d6bc3baab202d"}
}
